# JRE version: Java(TM) SE Runtime Environment (7.0_51-b13) (build 1.7.0_51-b13)
# Java VM: Java HotSpot(TM) 64-Bit Server VM (24.51-b03 mixed mode linux-amd64 compressed oops)
Heap
 PSYoungGen      total 487936K, used 426557K [0x00000007d5500000, 0x00000007fc300000, 0x0000000800000000)
  eden space 478720K, 87% used [0x00000007d5500000,0x00000007eecf6370,0x00000007f2880000)
  from space 9216K, 95% used [0x00000007f2880000,0x00000007f3119280,0x00000007f3180000)
  to   space 10240K, 0% used [0x00000007fb900000,0x00000007fb900000,0x00000007fc300000)
 ParOldGen       total 40448K, used 15717K [0x0000000780000000, 0x0000000782780000, 0x00000007d5500000)
  object space 40448K, 38% used [0x0000000780000000,0x0000000780f59458,0x0000000782780000)
 PSPermGen       total 43520K, used 24832K [0x000000077ae00000, 0x000000077d880000, 0x0000000780000000)
  object space 43520K, 57% used [0x000000077ae00000,0x000000077c640220,0x000000077d880000)
GC Heap History (10 events):
Event: 2.183 GC heap before
{Heap before GC invocations=10 (full 0):
 PSYoungGen      total 196608K, used 188799K [0x00000007d5500000, 0x00000007e8a80000, 0x0000000800000000)
  eden space 188416K, 97% used [0x00000007d5500000,0x00000007e094fef0,0x00000007e0d00000)
  from space 8192K, 50% used [0x00000007e0d00000,0x00000007e1110010,0x00000007e1500000)
  to   space 7680K, 0% used [0x00000007e8300000,0x00000007e8300000,0x00000007e8a80000)
 ParOldGen       total 70144K, used 59125K [0x0000000780000000, 0x0000000784480000, 0x00000007d5500000)
  object space 70144K, 84% used [0x0000000780000000,0x00000007839bd798,0x0000000784480000)
 PSPermGen       total 22016K, used 21570K [0x000000077ae00000, 0x000000077c380000, 0x0000000780000000)
  object space 22016K, 97% used [0x000000077ae00000,0x000000077c310950,0x000000077c380000)
Event: 2.188 GC heap after
Heap after GC invocations=10 (full 0):
 PSYoungGen      total 309248K, used 4192K [0x00000007d5500000, 0x00000007e8a80000, 0x0000000800000000)
  eden space 301568K, 0% used [0x00000007d5500000,0x00000007d5500000,0x00000007e7b80000)
  from space 7680K, 54% used [0x00000007e8300000,0x00000007e8718010,0x00000007e8a80000)
  to   space 7680K, 0% used [0x00000007e7b80000,0x00000007e7b80000,0x00000007e8300000)
 ParOldGen       total 70144K, used 59149K [0x0000000780000000, 0x0000000784480000, 0x00000007d5500000)
  object space 70144K, 84% used [0x0000000780000000,0x00000007839c3798,0x0000000784480000)
 PSPermGen       total 22016K, used 21570K [0x000000077ae00000, 0x000000077c380000, 0x0000000780000000)
  object space 22016K, 97% used [0x000000077ae00000,0x000000077c310950,0x000000077c380000)
}
Event: 2.542 GC heap before
{Heap before GC invocations=11 (full 0):
 PSYoungGen      total 309248K, used 304532K [0x00000007d5500000, 0x00000007e8a80000, 0x0000000800000000)
  eden space 301568K, 99% used [0x00000007d5500000,0x00000007e7a4d3a8,0x00000007e7b80000)
  from space 7680K, 54% used [0x00000007e8300000,0x00000007e8718010,0x00000007e8a80000)
  to   space 7680K, 0% used [0x00000007e7b80000,0x00000007e7b80000,0x00000007e8300000)
 ParOldGen       total 70144K, used 59149K [0x0000000780000000, 0x0000000784480000, 0x00000007d5500000)
  object space 70144K, 84% used [0x0000000780000000,0x00000007839c3798,0x0000000784480000)
 PSPermGen       total 22016K, used 21712K [0x000000077ae00000, 0x000000077c380000, 0x0000000780000000)
  object space 22016K, 98% used [0x000000077ae00000,0x000000077c334390,0x000000077c380000)
Event: 2.559 GC heap after
Heap after GC invocations=11 (full 0):
 PSYoungGen      total 309248K, used 7667K [0x00000007d5500000, 0x00000007f3f80000, 0x0000000800000000)
  eden space 301568K, 0% used [0x00000007d5500000,0x00000007d5500000,0x00000007e7b80000)
  from space 7680K, 99% used [0x00000007e7b80000,0x00000007e82fcce8,0x00000007e8300000)
  to   space 9728K, 0% used [0x00000007f3600000,0x00000007f3600000,0x00000007f3f80000)
 ParOldGen       total 70144K, used 61960K [0x0000000780000000, 0x0000000784480000, 0x00000007d5500000)
  object space 70144K, 88% used [0x0000000780000000,0x0000000783c82178,0x0000000784480000)
 PSPermGen       total 22016K, used 21712K [0x000000077ae00000, 0x000000077c380000, 0x0000000780000000)
  object space 22016K, 98% used [0x000000077ae00000,0x000000077c334390,0x000000077c380000)
}
Event: 2.559 GC heap before
{Heap before GC invocations=12 (full 1):
 PSYoungGen      total 309248K, used 7667K [0x00000007d5500000, 0x00000007f3f80000, 0x0000000800000000)
  eden space 301568K, 0% used [0x00000007d5500000,0x00000007d5500000,0x00000007e7b80000)
  from space 7680K, 99% used [0x00000007e7b80000,0x00000007e82fcce8,0x00000007e8300000)
  to   space 9728K, 0% used [0x00000007f3600000,0x00000007f3600000,0x00000007f3f80000)
 ParOldGen       total 70144K, used 61960K [0x0000000780000000, 0x0000000784480000, 0x00000007d5500000)
  object space 70144K, 88% used [0x0000000780000000,0x0000000783c82178,0x0000000784480000)
 PSPermGen       total 22016K, used 21712K [0x000000077ae00000, 0x000000077c380000, 0x0000000780000000)
  object space 22016K, 98% used [0x000000077ae00000,0x000000077c334390,0x000000077c380000)
Event: 2.651 GC heap after
Heap after GC invocations=12 (full 1):
 PSYoungGen      total 309248K, used 0K [0x00000007d5500000, 0x00000007f3f80000, 0x0000000800000000)
  eden space 301568K, 0% used [0x00000007d5500000,0x00000007d5500000,0x00000007e7b80000)
  from space 7680K, 0% used [0x00000007e7b80000,0x00000007e7b80000,0x00000007e8300000)
  to   space 9728K, 0% used [0x00000007f3600000,0x00000007f3600000,0x00000007f3f80000)
 ParOldGen       total 40448K, used 15677K [0x0000000780000000, 0x0000000782780000, 0x00000007d5500000)
  object space 40448K, 38% used [0x0000000780000000,0x0000000780f4f458,0x0000000782780000)
 PSPermGen       total 43520K, used 21704K [0x000000077ae00000, 0x000000077d880000, 0x0000000780000000)
  object space 43520K, 49% used [0x000000077ae00000,0x000000077c332368,0x000000077d880000)
}
Event: 2.698 GC heap before
{Heap before GC invocations=13 (full 1):
 PSYoungGen      total 309248K, used 298341K [0x00000007d5500000, 0x00000007f3f80000, 0x0000000800000000)
  eden space 301568K, 98% used [0x00000007d5500000,0x00000007e78596b0,0x00000007e7b80000)
  from space 7680K, 0% used [0x00000007e7b80000,0x00000007e7b80000,0x00000007e8300000)
  to   space 9728K, 0% used [0x00000007f3600000,0x00000007f3600000,0x00000007f3f80000)
 ParOldGen       total 40448K, used 15677K [0x0000000780000000, 0x0000000782780000, 0x00000007d5500000)
  object space 40448K, 38% used [0x0000000780000000,0x0000000780f4f458,0x0000000782780000)
 PSPermGen       total 43520K, used 21704K [0x000000077ae00000, 0x000000077d880000, 0x0000000780000000)
  object space 43520K, 49% used [0x000000077ae00000,0x000000077c332388,0x000000077d880000)
Event: 2.704 GC heap after
Heap after GC invocations=13 (full 1):
 PSYoungGen      total 441344K, used 4160K [0x00000007d5500000, 0x00000007f3a80000, 0x0000000800000000)
  eden space 436736K, 0% used [0x00000007d5500000,0x00000007d5500000,0x00000007eff80000)
  from space 4608K, 90% used [0x00000007f3600000,0x00000007f3a10010,0x00000007f3a80000)
  to   space 9216K, 0% used [0x00000007f2880000,0x00000007f2880000,0x00000007f3180000)
 ParOldGen       total 40448K, used 15677K [0x0000000780000000, 0x0000000782780000, 0x00000007d5500000)
  object space 40448K, 38% used [0x0000000780000000,0x0000000780f4f458,0x0000000782780000)
 PSPermGen       total 43520K, used 21704K [0x000000077ae00000, 0x000000077d880000, 0x0000000780000000)
  object space 43520K, 49% used [0x000000077ae00000,0x000000077c332388,0x000000077d880000)
}
Event: 31.873 GC heap before
{Heap before GC invocations=14 (full 1):
 PSYoungGen      total 441344K, used 440896K [0x00000007d5500000, 0x00000007f3a80000, 0x0000000800000000)
  eden space 436736K, 100% used [0x00000007d5500000,0x00000007eff80000,0x00000007eff80000)
  from space 4608K, 90% used [0x00000007f3600000,0x00000007f3a10010,0x00000007f3a80000)
  to   space 9216K, 0% used [0x00000007f2880000,0x00000007f2880000,0x00000007f3180000)
 ParOldGen       total 40448K, used 15677K [0x0000000780000000, 0x0000000782780000, 0x00000007d5500000)
  object space 40448K, 38% used [0x0000000780000000,0x0000000780f4f458,0x0000000782780000)
 PSPermGen       total 43520K, used 24173K [0x000000077ae00000, 0x000000077d880000, 0x0000000780000000)
  object space 43520K, 55% used [0x000000077ae00000,0x000000077c59b610,0x000000077d880000)
Event: 31.892 GC heap after
Heap after GC invocations=14 (full 1):
 PSYoungGen      total 487936K, used 8804K [0x00000007d5500000, 0x00000007fc300000, 0x0000000800000000)
  eden space 478720K, 0% used [0x00000007d5500000,0x00000007d5500000,0x00000007f2880000)
  from space 9216K, 95% used [0x00000007f2880000,0x00000007f3119280,0x00000007f3180000)
  to   space 10240K, 0% used [0x00000007fb900000,0x00000007fb900000,0x00000007fc300000)
 ParOldGen       total 40448K, used 15717K [0x0000000780000000, 0x0000000782780000, 0x00000007d5500000)
  object space 40448K, 38% used [0x0000000780000000,0x0000000780f59458,0x0000000782780000)
 PSPermGen       total 43520K, used 24173K [0x000000077ae00000, 0x000000077d880000, 0x0000000780000000)
  object space 43520K, 55% used [0x000000077ae00000,0x000000077c59b610,0x000000077d880000)
}

