# JRE version: Java(TM) SE Runtime Environment (7.0_51-b13) (build 1.7.0_51-b13)
# Java VM: Java HotSpot(TM) 64-Bit Server VM (24.51-b03 mixed mode linux-amd64 compressed oops)
Heap
 PSYoungGen      total 606720K, used 88966K [0x00000007d5500000, 0x0000000800000000, 0x0000000800000000)
  eden space 596480K, 14% used [0x00000007d5500000,0x00000007dabc1a20,0x00000007f9b80000)
  from space 10240K, 1% used [0x00000007f9b80000,0x00000007f9ba0000,0x00000007fa580000)
  to   space 10752K, 0% used [0x00000007ff580000,0x00000007ff580000,0x0000000800000000)
 ParOldGen       total 39424K, used 21618K [0x0000000780000000, 0x0000000782680000, 0x00000007d5500000)
  object space 39424K, 54% used [0x0000000780000000,0x000000078151cb10,0x0000000782680000)
 PSPermGen       total 43520K, used 25796K [0x000000077ae00000, 0x000000077d880000, 0x0000000780000000)
  object space 43520K, 59% used [0x000000077ae00000,0x000000077c7310b0,0x000000077d880000)
GC Heap History (10 events):
Event: 1.817 GC heap before
{Heap before GC invocations=12 (full 1):
 PSYoungGen      total 308736K, used 7156K [0x00000007d5500000, 0x00000007f3e80000, 0x0000000800000000)
  eden space 301568K, 0% used [0x00000007d5500000,0x00000007d5500000,0x00000007e7b80000)
  from space 7168K, 99% used [0x00000007e7b80000,0x00000007e827d0b8,0x00000007e8280000)
  to   space 9216K, 0% used [0x00000007f3580000,0x00000007f3580000,0x00000007f3e80000)
 ParOldGen       total 70144K, used 62292K [0x0000000780000000, 0x0000000784480000, 0x00000007d5500000)
  object space 70144K, 88% used [0x0000000780000000,0x0000000783cd50a0,0x0000000784480000)
 PSPermGen       total 22016K, used 21712K [0x000000077ae00000, 0x000000077c380000, 0x0000000780000000)
  object space 22016K, 98% used [0x000000077ae00000,0x000000077c3342e8,0x000000077c380000)
Event: 1.898 GC heap after
Heap after GC invocations=12 (full 1):
 PSYoungGen      total 308736K, used 0K [0x00000007d5500000, 0x00000007f3e80000, 0x0000000800000000)
  eden space 301568K, 0% used [0x00000007d5500000,0x00000007d5500000,0x00000007e7b80000)
  from space 7168K, 0% used [0x00000007e7b80000,0x00000007e7b80000,0x00000007e8280000)
  to   space 9216K, 0% used [0x00000007f3580000,0x00000007f3580000,0x00000007f3e80000)
 ParOldGen       total 39424K, used 14509K [0x0000000780000000, 0x0000000782680000, 0x00000007d5500000)
  object space 39424K, 36% used [0x0000000780000000,0x0000000780e2b4c8,0x0000000782680000)
 PSPermGen       total 43520K, used 21704K [0x000000077ae00000, 0x000000077d880000, 0x0000000780000000)
  object space 43520K, 49% used [0x000000077ae00000,0x000000077c332280,0x000000077d880000)
}
Event: 1.958 GC heap before
{Heap before GC invocations=13 (full 1):
 PSYoungGen      total 308736K, used 298340K [0x00000007d5500000, 0x00000007f3e80000, 0x0000000800000000)
  eden space 301568K, 98% used [0x00000007d5500000,0x00000007e7859170,0x00000007e7b80000)
  from space 7168K, 0% used [0x00000007e7b80000,0x00000007e7b80000,0x00000007e8280000)
  to   space 9216K, 0% used [0x00000007f3580000,0x00000007f3580000,0x00000007f3e80000)
 ParOldGen       total 39424K, used 14509K [0x0000000780000000, 0x0000000782680000, 0x00000007d5500000)
  object space 39424K, 36% used [0x0000000780000000,0x0000000780e2b4c8,0x0000000782680000)
 PSPermGen       total 43520K, used 21704K [0x000000077ae00000, 0x000000077d880000, 0x0000000780000000)
  object space 43520K, 49% used [0x000000077ae00000,0x000000077c332280,0x000000077d880000)
Event: 1.964 GC heap after
Heap after GC invocations=13 (full 1):
 PSYoungGen      total 434688K, used 4128K [0x00000007d5500000, 0x00000007f3a00000, 0x0000000800000000)
  eden space 430080K, 0% used [0x00000007d5500000,0x00000007d5500000,0x00000007ef900000)
  from space 4608K, 89% used [0x00000007f3580000,0x00000007f3988010,0x00000007f3a00000)
  to   space 9216K, 0% used [0x00000007f2800000,0x00000007f2800000,0x00000007f3100000)
 ParOldGen       total 39424K, used 14509K [0x0000000780000000, 0x0000000782680000, 0x00000007d5500000)
  object space 39424K, 36% used [0x0000000780000000,0x0000000780e2b4c8,0x0000000782680000)
 PSPermGen       total 43520K, used 21704K [0x000000077ae00000, 0x000000077d880000, 0x0000000780000000)
  object space 43520K, 49% used [0x000000077ae00000,0x000000077c332280,0x000000077d880000)
}
Event: 15.045 GC heap before
{Heap before GC invocations=14 (full 1):
 PSYoungGen      total 434688K, used 434208K [0x00000007d5500000, 0x00000007f3a00000, 0x0000000800000000)
  eden space 430080K, 100% used [0x00000007d5500000,0x00000007ef900000,0x00000007ef900000)
  from space 4608K, 89% used [0x00000007f3580000,0x00000007f3988010,0x00000007f3a00000)
  to   space 9216K, 0% used [0x00000007f2800000,0x00000007f2800000,0x00000007f3100000)
 ParOldGen       total 39424K, used 14509K [0x0000000780000000, 0x0000000782680000, 0x00000007d5500000)
  object space 39424K, 36% used [0x0000000780000000,0x0000000780e2b4c8,0x0000000782680000)
 PSPermGen       total 43520K, used 24190K [0x000000077ae00000, 0x000000077d880000, 0x0000000780000000)
  object space 43520K, 55% used [0x000000077ae00000,0x000000077c59f918,0x000000077d880000)
Event: 15.054 GC heap after
Heap after GC invocations=14 (full 1):
 PSYoungGen      total 487424K, used 8845K [0x00000007d5500000, 0x00000007faf80000, 0x0000000800000000)
  eden space 478208K, 0% used [0x00000007d5500000,0x00000007d5500000,0x00000007f2800000)
  from space 9216K, 95% used [0x00000007f2800000,0x00000007f30a3758,0x00000007f3100000)
  to   space 10240K, 0% used [0x00000007fa580000,0x00000007fa580000,0x00000007faf80000)
 ParOldGen       total 39424K, used 14549K [0x0000000780000000, 0x0000000782680000, 0x00000007d5500000)
  object space 39424K, 36% used [0x0000000780000000,0x0000000780e354c8,0x0000000782680000)
 PSPermGen       total 43520K, used 24190K [0x000000077ae00000, 0x000000077d880000, 0x0000000780000000)
  object space 43520K, 55% used [0x000000077ae00000,0x000000077c59f918,0x000000077d880000)
}
Event: 79.681 GC heap before
{Heap before GC invocations=15 (full 1):
 PSYoungGen      total 487424K, used 487053K [0x00000007d5500000, 0x00000007faf80000, 0x0000000800000000)
  eden space 478208K, 100% used [0x00000007d5500000,0x00000007f2800000,0x00000007f2800000)
  from space 9216K, 95% used [0x00000007f2800000,0x00000007f30a3758,0x00000007f3100000)
  to   space 10240K, 0% used [0x00000007fa580000,0x00000007fa580000,0x00000007faf80000)
 ParOldGen       total 39424K, used 14549K [0x0000000780000000, 0x0000000782680000, 0x00000007d5500000)
  object space 39424K, 36% used [0x0000000780000000,0x0000000780e354c8,0x0000000782680000)
 PSPermGen       total 43520K, used 25780K [0x000000077ae00000, 0x000000077d880000, 0x0000000780000000)
  object space 43520K, 59% used [0x000000077ae00000,0x000000077c72d000,0x000000077d880000)
Event: 79.692 GC heap after
Heap after GC invocations=15 (full 1):
 PSYoungGen      total 606720K, used 1460K [0x00000007d5500000, 0x00000007fde00000, 0x0000000800000000)
  eden space 596480K, 0% used [0x00000007d5500000,0x00000007d5500000,0x00000007f9b80000)
  from space 10240K, 14% used [0x00000007fa580000,0x00000007fa6ed1a8,0x00000007faf80000)
  to   space 10240K, 0% used [0x00000007f9b80000,0x00000007f9b80000,0x00000007fa580000)
 ParOldGen       total 39424K, used 21134K [0x0000000780000000, 0x0000000782680000, 0x00000007d5500000)
  object space 39424K, 53% used [0x0000000780000000,0x00000007814a3ae0,0x0000000782680000)
 PSPermGen       total 43520K, used 25780K [0x000000077ae00000, 0x000000077d880000, 0x0000000780000000)
  object space 43520K, 59% used [0x000000077ae00000,0x000000077c72d000,0x000000077d880000)
}
Event: 107.741 GC heap before
{Heap before GC invocations=16 (full 1):
 PSYoungGen      total 606720K, used 597940K [0x00000007d5500000, 0x00000007fde00000, 0x0000000800000000)
  eden space 596480K, 100% used [0x00000007d5500000,0x00000007f9b80000,0x00000007f9b80000)
  from space 10240K, 14% used [0x00000007fa580000,0x00000007fa6ed1a8,0x00000007faf80000)
  to   space 10240K, 0% used [0x00000007f9b80000,0x00000007f9b80000,0x00000007fa580000)
 ParOldGen       total 39424K, used 21134K [0x0000000780000000, 0x0000000782680000, 0x00000007d5500000)
  object space 39424K, 53% used [0x0000000780000000,0x00000007814a3ae0,0x0000000782680000)
 PSPermGen       total 43520K, used 25785K [0x000000077ae00000, 0x000000077d880000, 0x0000000780000000)
  object space 43520K, 59% used [0x000000077ae00000,0x000000077c72e5d0,0x000000077d880000)
Event: 107.744 GC heap after
Heap after GC invocations=16 (full 1):
 PSYoungGen      total 606720K, used 128K [0x00000007d5500000, 0x0000000800000000, 0x0000000800000000)
  eden space 596480K, 0% used [0x00000007d5500000,0x00000007d5500000,0x00000007f9b80000)
  from space 10240K, 1% used [0x00000007f9b80000,0x00000007f9ba0000,0x00000007fa580000)
  to   space 10752K, 0% used [0x00000007ff580000,0x00000007ff580000,0x0000000800000000)
 ParOldGen       total 39424K, used 21618K [0x0000000780000000, 0x0000000782680000, 0x00000007d5500000)
  object space 39424K, 54% used [0x0000000780000000,0x000000078151cb10,0x0000000782680000)
 PSPermGen       total 43520K, used 25785K [0x000000077ae00000, 0x000000077d880000, 0x0000000780000000)
  object space 43520K, 59% used [0x000000077ae00000,0x000000077c72e5d0,0x000000077d880000)
}

