# JRE version: Java(TM) SE Runtime Environment (7.0_51-b13) (build 1.7.0_51-b13)
# Java VM: Java HotSpot(TM) 64-Bit Server VM (24.51-b03 mixed mode linux-amd64 compressed oops)
Heap
 PSYoungGen      total 540672K, used 408626K [0x00000007d5500000, 0x00000007f7a00000, 0x0000000800000000)
  eden space 533504K, 75% used [0x00000007d5500000,0x00000007edd10fd0,0x00000007f5e00000)
  from space 7168K, 99% used [0x00000007f7300000,0x00000007f79fbc10,0x00000007f7a00000)
  to   space 9216K, 0% used [0x00000007f6800000,0x00000007f6800000,0x00000007f7100000)
 ParOldGen       total 47104K, used 24812K [0x0000000780000000, 0x0000000782e00000, 0x00000007d5500000)
  object space 47104K, 52% used [0x0000000780000000,0x000000078183b050,0x0000000782e00000)
 PSPermGen       total 43520K, used 25691K [0x000000077ae00000, 0x000000077d880000, 0x0000000780000000)
  object space 43520K, 59% used [0x000000077ae00000,0x000000077c716ce8,0x000000077d880000)
GC Heap History (10 events):
Event: 1.977 GC heap before
{Heap before GC invocations=13 (full 0):
 PSYoungGen      total 245760K, used 240443K [0x00000007d5500000, 0x00000007e4b00000, 0x0000000800000000)
  eden space 239616K, 98% used [0x00000007d5500000,0x00000007e3bbee30,0x00000007e3f00000)
  from space 6144K, 67% used [0x00000007e4500000,0x00000007e4910010,0x00000007e4b00000)
  to   space 6144K, 0% used [0x00000007e3f00000,0x00000007e3f00000,0x00000007e4500000)
 ParOldGen       total 70144K, used 54474K [0x0000000780000000, 0x0000000784480000, 0x00000007d5500000)
  object space 70144K, 77% used [0x0000000780000000,0x0000000783532858,0x0000000784480000)
 PSPermGen       total 22016K, used 21712K [0x000000077ae00000, 0x000000077c380000, 0x0000000780000000)
  object space 22016K, 98% used [0x000000077ae00000,0x000000077c3341c0,0x000000077c380000)
Event: 1.983 GC heap after
Heap after GC invocations=13 (full 0):
 PSYoungGen      total 245760K, used 6131K [0x00000007d5500000, 0x00000007ed880000, 0x0000000800000000)
  eden space 239616K, 0% used [0x00000007d5500000,0x00000007d5500000,0x00000007e3f00000)
  from space 6144K, 99% used [0x00000007e3f00000,0x00000007e44fccd8,0x00000007e4500000)
  to   space 6656K, 0% used [0x00000007ed200000,0x00000007ed200000,0x00000007ed880000)
 ParOldGen       total 70144K, used 54638K [0x0000000780000000, 0x0000000784480000, 0x00000007d5500000)
  object space 70144K, 77% used [0x0000000780000000,0x000000078355b838,0x0000000784480000)
 PSPermGen       total 22016K, used 21712K [0x000000077ae00000, 0x000000077c380000, 0x0000000780000000)
  object space 22016K, 98% used [0x000000077ae00000,0x000000077c3341c0,0x000000077c380000)
}
Event: 2.024 GC heap before
{Heap before GC invocations=14 (full 0):
 PSYoungGen      total 245760K, used 243940K [0x00000007d5500000, 0x00000007ed880000, 0x0000000800000000)
  eden space 239616K, 99% used [0x00000007d5500000,0x00000007e3d3c3a8,0x00000007e3f00000)
  from space 6144K, 99% used [0x00000007e3f00000,0x00000007e44fccd8,0x00000007e4500000)
  to   space 6656K, 0% used [0x00000007ed200000,0x00000007ed200000,0x00000007ed880000)
 ParOldGen       total 70144K, used 54638K [0x0000000780000000, 0x0000000784480000, 0x00000007d5500000)
  object space 70144K, 77% used [0x0000000780000000,0x000000078355b838,0x0000000784480000)
 PSPermGen       total 22016K, used 21712K [0x000000077ae00000, 0x000000077c380000, 0x0000000780000000)
  object space 22016K, 98% used [0x000000077ae00000,0x000000077c3341c0,0x000000077c380000)
Event: 2.030 GC heap after
Heap after GC invocations=14 (full 0):
 PSYoungGen      total 390144K, used 4160K [0x00000007d5500000, 0x00000007ed880000, 0x0000000800000000)
  eden space 383488K, 0% used [0x00000007d5500000,0x00000007d5500000,0x00000007ecb80000)
  from space 6656K, 62% used [0x00000007ed200000,0x00000007ed610010,0x00000007ed880000)
  to   space 6656K, 0% used [0x00000007ecb80000,0x00000007ecb80000,0x00000007ed200000)
 ParOldGen       total 70144K, used 60805K [0x0000000780000000, 0x0000000784480000, 0x00000007d5500000)
  object space 70144K, 86% used [0x0000000780000000,0x0000000783b61420,0x0000000784480000)
 PSPermGen       total 22016K, used 21712K [0x000000077ae00000, 0x000000077c380000, 0x0000000780000000)
  object space 22016K, 98% used [0x000000077ae00000,0x000000077c3341c0,0x000000077c380000)
}
Event: 2.030 GC heap before
{Heap before GC invocations=15 (full 1):
 PSYoungGen      total 390144K, used 4160K [0x00000007d5500000, 0x00000007ed880000, 0x0000000800000000)
  eden space 383488K, 0% used [0x00000007d5500000,0x00000007d5500000,0x00000007ecb80000)
  from space 6656K, 62% used [0x00000007ed200000,0x00000007ed610010,0x00000007ed880000)
  to   space 6656K, 0% used [0x00000007ecb80000,0x00000007ecb80000,0x00000007ed200000)
 ParOldGen       total 70144K, used 60805K [0x0000000780000000, 0x0000000784480000, 0x00000007d5500000)
  object space 70144K, 86% used [0x0000000780000000,0x0000000783b61420,0x0000000784480000)
 PSPermGen       total 22016K, used 21712K [0x000000077ae00000, 0x000000077c380000, 0x0000000780000000)
  object space 22016K, 98% used [0x000000077ae00000,0x000000077c3341c0,0x000000077c380000)
Event: 2.111 GC heap after
Heap after GC invocations=15 (full 1):
 PSYoungGen      total 390144K, used 0K [0x00000007d5500000, 0x00000007ed880000, 0x0000000800000000)
  eden space 383488K, 0% used [0x00000007d5500000,0x00000007d5500000,0x00000007ecb80000)
  from space 6656K, 0% used [0x00000007ed200000,0x00000007ed200000,0x00000007ed880000)
  to   space 6656K, 0% used [0x00000007ecb80000,0x00000007ecb80000,0x00000007ed200000)
 ParOldGen       total 47104K, used 21868K [0x0000000780000000, 0x0000000782e00000, 0x00000007d5500000)
  object space 47104K, 46% used [0x0000000780000000,0x000000078155b138,0x0000000782e00000)
 PSPermGen       total 43520K, used 21704K [0x000000077ae00000, 0x000000077d880000, 0x0000000780000000)
  object space 43520K, 49% used [0x000000077ae00000,0x000000077c332138,0x000000077d880000)
}
Event: 2.182 GC heap before
{Heap before GC invocations=16 (full 1):
 PSYoungGen      total 390144K, used 380999K [0x00000007d5500000, 0x00000007ed880000, 0x0000000800000000)
  eden space 383488K, 99% used [0x00000007d5500000,0x00000007ec911d48,0x00000007ecb80000)
  from space 6656K, 0% used [0x00000007ed200000,0x00000007ed200000,0x00000007ed880000)
  to   space 6656K, 0% used [0x00000007ecb80000,0x00000007ecb80000,0x00000007ed200000)
 ParOldGen       total 47104K, used 21868K [0x0000000780000000, 0x0000000782e00000, 0x00000007d5500000)
  object space 47104K, 46% used [0x0000000780000000,0x000000078155b138,0x0000000782e00000)
 PSPermGen       total 43520K, used 21704K [0x000000077ae00000, 0x000000077d880000, 0x0000000780000000)
  object space 43520K, 49% used [0x000000077ae00000,0x000000077c3323c0,0x000000077d880000)
Event: 2.183 GC heap after
Heap after GC invocations=16 (full 1):
 PSYoungGen      total 390144K, used 96K [0x00000007d5500000, 0x00000007f7a00000, 0x0000000800000000)
  eden space 383488K, 0% used [0x00000007d5500000,0x00000007d5500000,0x00000007ecb80000)
  from space 6656K, 1% used [0x00000007ecb80000,0x00000007ecb98000,0x00000007ed200000)
  to   space 7168K, 0% used [0x00000007f7300000,0x00000007f7300000,0x00000007f7a00000)
 ParOldGen       total 47104K, used 21868K [0x0000000780000000, 0x0000000782e00000, 0x00000007d5500000)
  object space 47104K, 46% used [0x0000000780000000,0x000000078155b138,0x0000000782e00000)
 PSPermGen       total 43520K, used 21704K [0x000000077ae00000, 0x000000077d880000, 0x0000000780000000)
  object space 43520K, 49% used [0x000000077ae00000,0x000000077c3323c0,0x000000077d880000)
}
Event: 18.553 GC heap before
{Heap before GC invocations=17 (full 1):
 PSYoungGen      total 390144K, used 383584K [0x00000007d5500000, 0x00000007f7a00000, 0x0000000800000000)
  eden space 383488K, 100% used [0x00000007d5500000,0x00000007ecb80000,0x00000007ecb80000)
  from space 6656K, 1% used [0x00000007ecb80000,0x00000007ecb98000,0x00000007ed200000)
  to   space 7168K, 0% used [0x00000007f7300000,0x00000007f7300000,0x00000007f7a00000)
 ParOldGen       total 47104K, used 21868K [0x0000000780000000, 0x0000000782e00000, 0x00000007d5500000)
  object space 47104K, 46% used [0x0000000780000000,0x000000078155b138,0x0000000782e00000)
 PSPermGen       total 43520K, used 25618K [0x000000077ae00000, 0x000000077d880000, 0x0000000780000000)
  object space 43520K, 58% used [0x000000077ae00000,0x000000077c704a00,0x000000077d880000)
Event: 18.562 GC heap after
Heap after GC invocations=17 (full 1):
 PSYoungGen      total 540672K, used 7151K [0x00000007d5500000, 0x00000007f7a00000, 0x0000000800000000)
  eden space 533504K, 0% used [0x00000007d5500000,0x00000007d5500000,0x00000007f5e00000)
  from space 7168K, 99% used [0x00000007f7300000,0x00000007f79fbc10,0x00000007f7a00000)
  to   space 9216K, 0% used [0x00000007f6800000,0x00000007f6800000,0x00000007f7100000)
 ParOldGen       total 47104K, used 24812K [0x0000000780000000, 0x0000000782e00000, 0x00000007d5500000)
  object space 47104K, 52% used [0x0000000780000000,0x000000078183b050,0x0000000782e00000)
 PSPermGen       total 43520K, used 25618K [0x000000077ae00000, 0x000000077d880000, 0x0000000780000000)
  object space 43520K, 58% used [0x000000077ae00000,0x000000077c704a00,0x000000077d880000)
}

