# JRE version: Java(TM) SE Runtime Environment (7.0_51-b13) (build 1.7.0_51-b13)
# Java VM: Java HotSpot(TM) 64-Bit Server VM (24.51-b03 mixed mode linux-amd64 compressed oops)
Heap
 PSYoungGen      total 493568K, used 245646K [0x00000007d5500000, 0x00000007f6800000, 0x0000000800000000)
  eden space 485888K, 48% used [0x00000007d5500000,0x00000007e3d68898,0x00000007f2f80000)
  from space 7680K, 99% used [0x00000007f3880000,0x00000007f3ffaff0,0x00000007f4000000)
  to   space 9216K, 0% used [0x00000007f2f80000,0x00000007f2f80000,0x00000007f3880000)
 ParOldGen       total 46592K, used 23148K [0x0000000780000000, 0x0000000782d80000, 0x00000007d5500000)
  object space 46592K, 49% used [0x0000000780000000,0x000000078169b308,0x0000000782d80000)
 PSPermGen       total 43520K, used 24829K [0x000000077ae00000, 0x000000077d880000, 0x0000000780000000)
  object space 43520K, 57% used [0x000000077ae00000,0x000000077c63f4e8,0x000000077d880000)
GC Heap History (10 events):
Event: 2.050 GC heap before
{Heap before GC invocations=13 (full 0):
 PSYoungGen      total 247808K, used 244736K [0x00000007d5500000, 0x00000007e4d00000, 0x0000000800000000)
  eden space 241664K, 99% used [0x00000007d5500000,0x00000007e3ff0228,0x00000007e4100000)
  from space 6144K, 67% used [0x00000007e4700000,0x00000007e4b10010,0x00000007e4d00000)
  to   space 6144K, 0% used [0x00000007e4100000,0x00000007e4100000,0x00000007e4700000)
 ParOldGen       total 70144K, used 58544K [0x0000000780000000, 0x0000000784480000, 0x00000007d5500000)
  object space 70144K, 83% used [0x0000000780000000,0x000000078392c010,0x0000000784480000)
 PSPermGen       total 22016K, used 21711K [0x000000077ae00000, 0x000000077c380000, 0x0000000780000000)
  object space 22016K, 98% used [0x000000077ae00000,0x000000077c333f60,0x000000077c380000)
Event: 2.056 GC heap after
Heap after GC invocations=13 (full 0):
 PSYoungGen      total 247808K, used 6130K [0x00000007d5500000, 0x00000007ee000000, 0x0000000800000000)
  eden space 241664K, 0% used [0x00000007d5500000,0x00000007d5500000,0x00000007e4100000)
  from space 6144K, 99% used [0x00000007e4100000,0x00000007e46fcad0,0x00000007e4700000)
  to   space 8704K, 0% used [0x00000007ed780000,0x00000007ed780000,0x00000007ee000000)
 ParOldGen       total 70144K, used 62830K [0x0000000780000000, 0x0000000784480000, 0x00000007d5500000)
  object space 70144K, 89% used [0x0000000780000000,0x0000000783d5bb90,0x0000000784480000)
 PSPermGen       total 22016K, used 21711K [0x000000077ae00000, 0x000000077c380000, 0x0000000780000000)
  object space 22016K, 98% used [0x000000077ae00000,0x000000077c333f60,0x000000077c380000)
}
Event: 2.056 GC heap before
{Heap before GC invocations=14 (full 1):
 PSYoungGen      total 247808K, used 6130K [0x00000007d5500000, 0x00000007ee000000, 0x0000000800000000)
  eden space 241664K, 0% used [0x00000007d5500000,0x00000007d5500000,0x00000007e4100000)
  from space 6144K, 99% used [0x00000007e4100000,0x00000007e46fcad0,0x00000007e4700000)
  to   space 8704K, 0% used [0x00000007ed780000,0x00000007ed780000,0x00000007ee000000)
 ParOldGen       total 70144K, used 62830K [0x0000000780000000, 0x0000000784480000, 0x00000007d5500000)
  object space 70144K, 89% used [0x0000000780000000,0x0000000783d5bb90,0x0000000784480000)
 PSPermGen       total 22016K, used 21711K [0x000000077ae00000, 0x000000077c380000, 0x0000000780000000)
  object space 22016K, 98% used [0x000000077ae00000,0x000000077c333f60,0x000000077c380000)
Event: 2.147 GC heap after
Heap after GC invocations=14 (full 1):
 PSYoungGen      total 247808K, used 0K [0x00000007d5500000, 0x00000007ee000000, 0x0000000800000000)
  eden space 241664K, 0% used [0x00000007d5500000,0x00000007d5500000,0x00000007e4100000)
  from space 6144K, 0% used [0x00000007e4100000,0x00000007e4100000,0x00000007e4700000)
  to   space 8704K, 0% used [0x00000007ed780000,0x00000007ed780000,0x00000007ee000000)
 ParOldGen       total 46592K, used 21783K [0x0000000780000000, 0x0000000782d80000, 0x00000007d5500000)
  object space 46592K, 46% used [0x0000000780000000,0x0000000781545d10,0x0000000782d80000)
 PSPermGen       total 43520K, used 21703K [0x000000077ae00000, 0x000000077d880000, 0x0000000780000000)
  object space 43520K, 49% used [0x000000077ae00000,0x000000077c331f78,0x000000077d880000)
}
Event: 2.190 GC heap before
{Heap before GC invocations=15 (full 1):
 PSYoungGen      total 247808K, used 236181K [0x00000007d5500000, 0x00000007ee000000, 0x0000000800000000)
  eden space 241664K, 97% used [0x00000007d5500000,0x00000007e3ba57d0,0x00000007e4100000)
  from space 6144K, 0% used [0x00000007e4100000,0x00000007e4100000,0x00000007e4700000)
  to   space 8704K, 0% used [0x00000007ed780000,0x00000007ed780000,0x00000007ee000000)
 ParOldGen       total 46592K, used 21783K [0x0000000780000000, 0x0000000782d80000, 0x00000007d5500000)
  object space 46592K, 46% used [0x0000000780000000,0x0000000781545d10,0x0000000782d80000)
 PSPermGen       total 43520K, used 21704K [0x000000077ae00000, 0x000000077d880000, 0x0000000780000000)
  object space 43520K, 49% used [0x000000077ae00000,0x000000077c332200,0x000000077d880000)
Event: 2.193 GC heap after
Heap after GC invocations=15 (full 1):
 PSYoungGen      total 350720K, used 4160K [0x00000007d5500000, 0x00000007edc00000, 0x0000000800000000)
  eden space 346112K, 0% used [0x00000007d5500000,0x00000007d5500000,0x00000007ea700000)
  from space 4608K, 90% used [0x00000007ed780000,0x00000007edb90010,0x00000007edc00000)
  to   space 8192K, 0% used [0x00000007ecc00000,0x00000007ecc00000,0x00000007ed400000)
 ParOldGen       total 46592K, used 21783K [0x0000000780000000, 0x0000000782d80000, 0x00000007d5500000)
  object space 46592K, 46% used [0x0000000780000000,0x0000000781545d10,0x0000000782d80000)
 PSPermGen       total 43520K, used 21704K [0x000000077ae00000, 0x000000077d880000, 0x0000000780000000)
  object space 43520K, 49% used [0x000000077ae00000,0x000000077c332200,0x000000077d880000)
}
Event: 2.254 GC heap before
{Heap before GC invocations=16 (full 1):
 PSYoungGen      total 350720K, used 348453K [0x00000007d5500000, 0x00000007edc00000, 0x0000000800000000)
  eden space 346112K, 99% used [0x00000007d5500000,0x00000007ea539718,0x00000007ea700000)
  from space 4608K, 90% used [0x00000007ed780000,0x00000007edb90010,0x00000007edc00000)
  to   space 8192K, 0% used [0x00000007ecc00000,0x00000007ecc00000,0x00000007ed400000)
 ParOldGen       total 46592K, used 21783K [0x0000000780000000, 0x0000000782d80000, 0x00000007d5500000)
  object space 46592K, 46% used [0x0000000780000000,0x0000000781545d10,0x0000000782d80000)
 PSPermGen       total 43520K, used 21704K [0x000000077ae00000, 0x000000077d880000, 0x0000000780000000)
  object space 43520K, 49% used [0x000000077ae00000,0x000000077c332220,0x000000077d880000)
Event: 2.256 GC heap after
Heap after GC invocations=16 (full 1):
 PSYoungGen      total 392192K, used 4160K [0x00000007d5500000, 0x00000007f4000000, 0x0000000800000000)
  eden space 384000K, 0% used [0x00000007d5500000,0x00000007d5500000,0x00000007ecc00000)
  from space 8192K, 50% used [0x00000007ecc00000,0x00000007ed010010,0x00000007ed400000)
  to   space 7680K, 0% used [0x00000007f3880000,0x00000007f3880000,0x00000007f4000000)
 ParOldGen       total 46592K, used 21823K [0x0000000780000000, 0x0000000782d80000, 0x00000007d5500000)
  object space 46592K, 46% used [0x0000000780000000,0x000000078154fd10,0x0000000782d80000)
 PSPermGen       total 43520K, used 21704K [0x000000077ae00000, 0x000000077d880000, 0x0000000780000000)
  object space 43520K, 49% used [0x000000077ae00000,0x000000077c332220,0x000000077d880000)
}
Event: 27.509 GC heap before
{Heap before GC invocations=17 (full 1):
 PSYoungGen      total 392192K, used 388160K [0x00000007d5500000, 0x00000007f4000000, 0x0000000800000000)
  eden space 384000K, 100% used [0x00000007d5500000,0x00000007ecc00000,0x00000007ecc00000)
  from space 8192K, 50% used [0x00000007ecc00000,0x00000007ed010010,0x00000007ed400000)
  to   space 7680K, 0% used [0x00000007f3880000,0x00000007f3880000,0x00000007f4000000)
 ParOldGen       total 46592K, used 21823K [0x0000000780000000, 0x0000000782d80000, 0x00000007d5500000)
  object space 46592K, 46% used [0x0000000780000000,0x000000078154fd10,0x0000000782d80000)
 PSPermGen       total 43520K, used 24301K [0x000000077ae00000, 0x000000077d880000, 0x0000000780000000)
  object space 43520K, 55% used [0x000000077ae00000,0x000000077c5bb448,0x000000077d880000)
Event: 27.519 GC heap after
Heap after GC invocations=17 (full 1):
 PSYoungGen      total 493568K, used 7659K [0x00000007d5500000, 0x00000007f6800000, 0x0000000800000000)
  eden space 485888K, 0% used [0x00000007d5500000,0x00000007d5500000,0x00000007f2f80000)
  from space 7680K, 99% used [0x00000007f3880000,0x00000007f3ffaff0,0x00000007f4000000)
  to   space 9216K, 0% used [0x00000007f2f80000,0x00000007f2f80000,0x00000007f3880000)
 ParOldGen       total 46592K, used 23148K [0x0000000780000000, 0x0000000782d80000, 0x00000007d5500000)
  object space 46592K, 49% used [0x0000000780000000,0x000000078169b308,0x0000000782d80000)
 PSPermGen       total 43520K, used 24301K [0x000000077ae00000, 0x000000077d880000, 0x0000000780000000)
  object space 43520K, 55% used [0x000000077ae00000,0x000000077c5bb448,0x000000077d880000)
}

